<?xml version="1.0" encoding="UTF-8"?>
<!-- Generated by org.testng.reporters.JUnitReportReporter -->
<testsuite skipped="0" hostname="SIXUAE06" name="cucumberOptions.TestRunner" tests="2" failures="0" timestamp="2021-02-15T13:56:34 GST" time="21.341" errors="0">
  <testcase name="runScenario" time="10.508" classname="cucumberOptions.TestRunner"/>
  <system-out/>
  <testcase name="runScenario" time="10.833" classname="cucumberOptions.TestRunner"/>
  <system-out/>
</testsuite> <!-- cucumberOptions.TestRunner -->
