<?xml version="1.0" encoding="UTF-8"?>
<!-- Generated by org.testng.reporters.JUnitReportReporter -->
<testsuite skipped="0" hostname="LAPTOP-U0V467EB" name="Academy.E2EProject.ValidateNavigation" tests="1" failures="0" timestamp="2021-01-14T18:52:06 GST" time="0.076" errors="0">
  <testcase name="navigationValidation" time="0.076" classname="Academy.E2EProject.ValidateNavigation"/>
  <system-out/>
</testsuite> <!-- Academy.E2EProject.ValidateNavigation -->
