<?xml version="1.0" encoding="UTF-8"?>
<!-- Generated by org.testng.reporters.JUnitReportReporter -->
<testsuite hostname="LAPTOP-U0V467EB" failures="0" tests="1" name="Academy.E2EProject.AppTest" time="0.003" errors="0" timestamp="13 Jan 2021 10:29:27 GMT">
  <testcase classname="Academy.E2EProject.AppTest" name="shouldAnswerWithTrue" time="0.003"/>
</testsuite> <!-- Academy.E2EProject.AppTest -->
