<?xml version="1.0" encoding="UTF-8"?>
<!-- Generated by org.testng.reporters.JUnitReportReporter -->
<testsuite hostname="SIXUAE06" failures="0" tests="2" name="cucumberOptions.TestRunner" time="20.726" errors="0" timestamp="2021-02-15T14:52:57 GST" skipped="0">
  <testcase classname="cucumberOptions.TestRunner" name="runScenario" time="11.127"/>
  <system-out/>
  <testcase classname="cucumberOptions.TestRunner" name="runScenario" time="9.599"/>
  <system-out/>
</testsuite> <!-- cucumberOptions.TestRunner -->
