<?xml version="1.0" encoding="UTF-8"?>
<!-- Generated by org.testng.reporters.JUnitReportReporter -->
<testsuite hostname="SIXUAE06" failures="0" tests="2" name="Academy.E2EProject.HomePage" time="6.772" errors="0" timestamp="2021-02-15T14:52:57 GST" skipped="0">
  <testcase classname="Academy.E2EProject.HomePage" name="signInTest" time="4.292"/>
  <system-out/>
  <testcase classname="Academy.E2EProject.HomePage" name="signInTest" time="2.480"/>
  <system-out/>
</testsuite> <!-- Academy.E2EProject.HomePage -->
