<?xml version="1.0" encoding="UTF-8"?>
<!-- Generated by org.testng.reporters.JUnitReportReporter -->
<testsuite hostname="SIXUAE06" failures="0" tests="1" name="Academy.E2EProject.ValidateNavigation" time="0.103" errors="0" timestamp="2021-02-15T14:52:57 GST" skipped="0">
  <testcase classname="Academy.E2EProject.ValidateNavigation" name="navigationValidation" time="0.103"/>
  <system-out/>
</testsuite> <!-- Academy.E2EProject.ValidateNavigation -->
